<?xml version="1.0" encoding="UTF-8"?>
<!-- Generated by org.testng.reporters.JUnitReportReporter -->
<testsuite hostname="Singarajan" failures="0" tests="1" name="com.ApiRequests.DeleteRequest" time="4.361" errors="0" timestamp="03 Jan 2023 20:26:58 GMT" skipped="0">
  <testcase classname="com.ApiRequests.DeleteRequest" name="testForDELETEAll" time="4.361"/>
</testsuite> <!-- com.ApiRequests.DeleteRequest -->
