<?xml version="1.0" encoding="UTF-8"?>
<!-- Generated by org.testng.reporters.JUnitReportReporter -->
<testsuite skipped="0" hostname="Singarajan" name="com.BasicAuthorization.GetRequest" tests="1" failures="0" timestamp="18 Jan 2023 22:50:41 GMT" time="81.231" errors="0">
  <testcase name="testForGET" time="81.231" classname="com.BasicAuthorization.GetRequest"/>
</testsuite> <!-- com.BasicAuthorization.GetRequest -->
