<?xml version="1.0" encoding="UTF-8"?>
<!-- Generated by org.testng.reporters.JUnitReportReporter -->
<testsuite hostname="Singarajan" failures="0" tests="1" name="com.ApiRequests.GetRequest" time="1.075" errors="0" timestamp="03 Jan 2023 20:26:58 GMT" skipped="0">
  <testcase classname="com.ApiRequests.GetRequest" name="testForGET" time="1.075"/>
</testsuite> <!-- com.ApiRequests.GetRequest -->
