<?xml version="1.0" encoding="UTF-8"?>
<!-- Generated by org.testng.reporters.JUnitReportReporter -->
<testsuite skipped="0" hostname="Singarajan" name="com.AssessmentTemplate.GetRequest" tests="1" failures="0" timestamp="20 Jan 2023 12:47:21 GMT" time="6.961" errors="0">
  <testcase name="testForGET" time="6.961" classname="com.AssessmentTemplate.GetRequest"/>
</testsuite> <!-- com.AssessmentTemplate.GetRequest -->
