<?xml version="1.0" encoding="UTF-8"?>
<!-- Generated by org.testng.reporters.JUnitReportReporter -->
<testsuite hostname="Singarajan" failures="0" tests="1" name="com.ELI_Assesments.Assesments_Template" time="12.570" errors="0" timestamp="03 Jan 2023 19:15:41 GMT" skipped="0">
  <testcase classname="com.ELI_Assesments.Assesments_Template" name="testForDELETEAll" time="12.570"/>
</testsuite> <!-- com.ELI_Assesments.Assesments_Template -->
