<?xml version="1.0" encoding="UTF-8"?>
<!-- Generated by org.testng.reporters.JUnitReportReporter -->
<testsuite hostname="Singarajan" failures="0" tests="11" name="com.ApiRequests.PostRequest" time="16.563" errors="0" timestamp="03 Jan 2023 20:26:58 GMT" skipped="0">
  <testcase classname="com.ApiRequests.PostRequest" name="testForPOST1" time="1.433"/>
  <testcase classname="com.ApiRequests.PostRequest" name="testForPOST4" time="0.861"/>
  <testcase classname="com.ApiRequests.PostRequest" name="testForPOST4" time="0.982"/>
  <testcase classname="com.ApiRequests.PostRequest" name="testForPOST3" time="0.961"/>
  <testcase classname="com.ApiRequests.PostRequest" name="testForPOST2" time="0.894"/>
  <testcase classname="com.ApiRequests.PostRequest" name="testForPOST1" time="0.873"/>
  <testcase classname="com.ApiRequests.PostRequest" name="testForPOST4" time="6.792"/>
  <testcase classname="com.ApiRequests.PostRequest" name="testForPOST1" time="0.857"/>
  <testcase classname="com.ApiRequests.PostRequest" name="testForPOST4" time="0.890"/>
  <testcase classname="com.ApiRequests.PostRequest" name="testForPOST1" time="1.132"/>
  <testcase classname="com.ApiRequests.PostRequest" name="testForPOST4" time="0.888"/>
</testsuite> <!-- com.ApiRequests.PostRequest -->
