<?xml version="1.0" encoding="UTF-8"?>
<!-- Generated by org.testng.reporters.JUnitReportReporter -->
<testsuite hostname="Singarajan" failures="0" tests="7" name="com.AssessmentSection.GetRequest" time="9.205" errors="0" timestamp="05 Jan 2023 10:15:06 GMT" skipped="0">
  <testcase classname="com.AssessmentSection.GetRequest" name="testForGET" time="1.004"/>
  <testcase classname="com.AssessmentSection.GetRequest" name="testForGET" time="1.913"/>
  <testcase classname="com.AssessmentSection.GetRequest" name="testForGET" time="0.897"/>
  <testcase classname="com.AssessmentSection.GetRequest" name="testForGET" time="0.960"/>
  <testcase classname="com.AssessmentSection.GetRequest" name="testForGET" time="0.968"/>
  <testcase classname="com.AssessmentSection.GetRequest" name="testForGET" time="2.517"/>
  <testcase classname="com.AssessmentSection.GetRequest" name="testForGET" time="0.946"/>
</testsuite> <!-- com.AssessmentSection.GetRequest -->
