<?xml version="1.0" encoding="UTF-8"?>
<!-- Generated by org.testng.reporters.JUnitReportReporter -->
<testsuite hostname="Singarajan" failures="0" tests="1" name="com.Tests.Testcase1" time="3.447" errors="0" timestamp="29 Dec 2022 08:33:27 GMT" skipped="0">
  <testcase classname="com.Tests.Testcase1" name="testForPOST" time="3.447"/>
</testsuite> <!-- com.Tests.Testcase1 -->
