<?xml version="1.0" encoding="UTF-8"?>
<!-- Generated by org.testng.reporters.JUnitReportReporter -->
<testsuite skipped="0" hostname="Singarajan" name="com.BasicAuthorization.Authentication" tests="1" failures="0" timestamp="19 Jan 2023 03:35:30 GMT" time="90.512" errors="0">
  <testcase name="authentication" time="90.512" classname="com.BasicAuthorization.Authentication"/>
</testsuite> <!-- com.BasicAuthorization.Authentication -->
