<?xml version="1.0" encoding="UTF-8"?>
<!-- Generated by org.testng.reporters.JUnitReportReporter -->
<testsuite hostname="Singarajan" failures="0" tests="11" name="com.AssessmentTemplate.PostRequest" time="15.000" errors="0" timestamp="04 Jan 2023 12:10:14 GMT" skipped="0">
  <testcase classname="com.AssessmentTemplate.PostRequest" name="testForPOST4" time="0.865"/>
  <testcase classname="com.AssessmentTemplate.PostRequest" name="testForPOST3" time="1.432"/>
  <testcase classname="com.AssessmentTemplate.PostRequest" name="testForPOST2" time="1.150"/>
  <testcase classname="com.AssessmentTemplate.PostRequest" name="testForPOST1" time="0.884"/>
  <testcase classname="com.AssessmentTemplate.PostRequest" name="testForPOST1" time="0.872"/>
  <testcase classname="com.AssessmentTemplate.PostRequest" name="testForPOST4" time="0.879"/>
  <testcase classname="com.AssessmentTemplate.PostRequest" name="testForPOST4" time="1.060"/>
  <testcase classname="com.AssessmentTemplate.PostRequest" name="testForPOST1" time="0.898"/>
  <testcase classname="com.AssessmentTemplate.PostRequest" name="testForPOST4" time="0.869"/>
  <testcase classname="com.AssessmentTemplate.PostRequest" name="testForPOST1" time="0.869"/>
  <testcase classname="com.AssessmentTemplate.PostRequest" name="testForPOST4" time="5.222"/>
</testsuite> <!-- com.AssessmentTemplate.PostRequest -->
